CarLauncher/app/build/outputs/logs/manifest-merger-debug-report.txt
-- Merging decision tree log ---
manifest
ADDED from src\main\AndroidManifest.xml:2:1-102:12
	package
		ADDED from src\main\AndroidManifest.xml:4:5-36
		INJECTED from src\main\AndroidManifest.xml
		INJECTED from src\main\AndroidManifest.xml
	android:versionName
		ADDED from src\main\AndroidManifest.xml:6:5-43
		INJECTED from src\main\AndroidManifest.xml
		INJECTED from src\main\AndroidManifest.xml
	android:versionCode
		ADDED from src\main\AndroidManifest.xml:5:5-28
		INJECTED from src\main\AndroidManifest.xml
		INJECTED from src\main\AndroidManifest.xml
	coreApp
		ADDED from src\main\AndroidManifest.xml:3:5-19
	xmlns:android
		ADDED from src\main\AndroidManifest.xml:2:11-69
uses-sdk
ADDED from src\main\AndroidManifest.xml:8:5-10:41
	android:targetSdkVersion
		ADDED from src\main\AndroidManifest.xml:10:9-38
		INJECTED from src\main\AndroidManifest.xml
		INJECTED from src\main\AndroidManifest.xml
	android:minSdkVersion
		ADDED from src\main\AndroidManifest.xml:9:9-35
		INJECTED from src\main\AndroidManifest.xml
		INJECTED from src\main\AndroidManifest.xml
uses-feature#android.hardware.camera
ADDED from src\main\AndroidManifest.xml:14:5-60
	android:name
		ADDED from src\main\AndroidManifest.xml:14:19-57
uses-permission#android.permission.ACCESS_COARSE_LOCATION
ADDED from src\main\AndroidManifest.xml:16:5-81
	android:name
		ADDED from src\main\AndroidManifest.xml:16:22-78
uses-permission#android.permission.ACCESS_FINE_LOCATION
ADDED from src\main\AndroidManifest.xml:17:5-79
	android:name
		ADDED from src\main\AndroidManifest.xml:17:22-76
uses-permission#android.permission.ACCESS_GPS
ADDED from src\main\AndroidManifest.xml:18:5-69
	android:name
		ADDED from src\main\AndroidManifest.xml:18:22-66
uses-permission#android.permission.ACCESS_MOCK_LOCATION
ADDED from src\main\AndroidManifest.xml:19:5-79
	android:name
		ADDED from src\main\AndroidManifest.xml:19:22-76
uses-permission#android.permission.ACCESS_NETWORK_STATE
ADDED from src\main\AndroidManifest.xml:20:5-79
	android:name
		ADDED from src\main\AndroidManifest.xml:20:22-76
uses-permission#android.permission.ACCESS_WIFI_STATE
ADDED from src\main\AndroidManifest.xml:21:5-76
	android:name
		ADDED from src\main\AndroidManifest.xml:21:22-73
uses-permission#android.permission.BROADCAST_STICKY
ADDED from src\main\AndroidManifest.xml:22:5-75
	android:name
		ADDED from src\main\AndroidManifest.xml:22:22-72
uses-permission#android.permission.CAMERA
ADDED from src\main\AndroidManifest.xml:23:5-65
	android:name
		ADDED from src\main\AndroidManifest.xml:23:22-62
uses-permission#android.permission.CHANGE_NETWORK_STATE
ADDED from src\main\AndroidManifest.xml:24:5-79
	android:name
		ADDED from src\main\AndroidManifest.xml:24:22-76
uses-permission#android.permission.CHANGE_WIFI_STATE
ADDED from src\main\AndroidManifest.xml:25:5-76
	android:name
		ADDED from src\main\AndroidManifest.xml:25:22-73
uses-permission#android.permission.DISABLE_KEYGUARD
ADDED from src\main\AndroidManifest.xml:26:5-75
	android:name
		ADDED from src\main\AndroidManifest.xml:26:22-72
uses-permission#android.permission.INJECT_EVENTS
ADDED from src\main\AndroidManifest.xml:27:5-72
	android:name
		ADDED from src\main\AndroidManifest.xml:27:22-69
uses-permission#android.permission.INTERNET
ADDED from src\main\AndroidManifest.xml:28:5-67
	android:name
		ADDED from src\main\AndroidManifest.xml:28:22-64
uses-permission#android.permission.KILL_BACKGROUND_PROCESSES
ADDED from src\main\AndroidManifest.xml:29:5-84
	android:name
		ADDED from src\main\AndroidManifest.xml:29:22-81
uses-permission#android.permission.MODIFY_AUDIO_SETTINGS
ADDED from src\main\AndroidManifest.xml:30:5-80
	android:name
		ADDED from src\main\AndroidManifest.xml:30:22-77
uses-permission#android.permission.MOUNT_UNMOUNT_FILESYSTEMS
ADDED from src\main\AndroidManifest.xml:31:5-84
	android:name
		ADDED from src\main\AndroidManifest.xml:31:22-81
uses-permission#android.permission.NFC
ADDED from src\main\AndroidManifest.xml:32:5-62
	android:name
		ADDED from src\main\AndroidManifest.xml:32:22-59
uses-permission#android.permission.PROCESS_OUTGOING_CALLS
ADDED from src\main\AndroidManifest.xml:33:5-81
	android:name
		ADDED from src\main\AndroidManifest.xml:33:22-78
uses-permission#android.permission.READ_CONTACTS
ADDED from src\main\AndroidManifest.xml:34:5-72
	android:name
		ADDED from src\main\AndroidManifest.xml:34:22-69
uses-permission#android.permission.READ_EXTERNAL_STORAGE
ADDED from src\main\AndroidManifest.xml:35:5-80
	android:name
		ADDED from src\main\AndroidManifest.xml:35:22-77
uses-permission#android.permission.READ_PHONE_STATE
ADDED from src\main\AndroidManifest.xml:36:5-75
	android:name
		ADDED from src\main\AndroidManifest.xml:36:22-72
uses-permission#android.permission.READ_SMS
ADDED from src\main\AndroidManifest.xml:37:5-67
	android:name
		ADDED from src\main\AndroidManifest.xml:37:22-64
uses-permission#android.permission.RECEIVE_BOOT_COMPLETED
ADDED from src\main\AndroidManifest.xml:38:5-81
	android:name
		ADDED from src\main\AndroidManifest.xml:38:22-78
uses-permission#android.permission.RECORD_AUDIO
ADDED from src\main\AndroidManifest.xml:39:5-71
	android:name
		ADDED from src\main\AndroidManifest.xml:39:22-68
uses-permission#android.permission.SEND_SMS
ADDED from src\main\AndroidManifest.xml:40:5-67
	android:name
		ADDED from src\main\AndroidManifest.xml:40:22-64
uses-permission#android.permission.SYSTEM_ALERT_WINDOW
ADDED from src\main\AndroidManifest.xml:41:5-78
	android:name
		ADDED from src\main\AndroidManifest.xml:41:22-75
uses-permission#android.permission.WRITE_EXTERNAL_STORAGE
ADDED from src\main\AndroidManifest.xml:42:5-81
	android:name
		ADDED from src\main\AndroidManifest.xml:42:22-78
uses-permission#android.permission.WRITE_SETTINGS
ADDED from src\main\AndroidManifest.xml:44:5-73
	android:name
		ADDED from src\main\AndroidManifest.xml:44:22-70
uses-permission#android.permission.WAKE_LOCK
ADDED from src\main\AndroidManifest.xml:46:5-68
	android:name
		ADDED from src\main\AndroidManifest.xml:46:22-65
uses-permission#com.android.launcher.permission.INSTALL_SHORTCUT
ADDED from src\main\AndroidManifest.xml:49:5-88
	android:name
		ADDED from src\main\AndroidManifest.xml:49:22-85
uses-permission#com.android.launcher.permission.READ_SETTINGS
ADDED from src\main\AndroidManifest.xml:50:5-85
	android:name
		ADDED from src\main\AndroidManifest.xml:50:22-82
application
ADDED from src\main\AndroidManifest.xml:52:5-100:19
	android:label
		ADDED from src\main\AndroidManifest.xml:56:9-36
	android:hardwareAccelerated
		ADDED from src\main\AndroidManifest.xml:54:9-43
	android:icon
		ADDED from src\main\AndroidManifest.xml:55:9-45
	android:largeHeap
		ADDED from src\main\AndroidManifest.xml:57:9-33
	android:persistent
		ADDED from src\main\AndroidManifest.xml:58:9-34
	android:theme
		ADDED from src\main\AndroidManifest.xml:59:9-56
	android:name
		ADDED from src\main\AndroidManifest.xml:53:9-51
activity#com.tchip.carlauncher.ui.activity.MainActivity
ADDED from src\main\AndroidManifest.xml:60:9-74:20
	android:screenOrientation
		ADDED from src\main\AndroidManifest.xml:65:13-50
	android:label
		ADDED from src\main\AndroidManifest.xml:63:13-40
	android:launchMode
		ADDED from src\main\AndroidManifest.xml:64:13-44
	android:configChanges
		ADDED from src\main\AndroidManifest.xml:62:13-133
	android:theme
		ADDED from src\main\AndroidManifest.xml:66:13-62
	android:name
		ADDED from src\main\AndroidManifest.xml:61:13-74
intent-filter#android.intent.action.MAIN+android.intent.category.DEFAULT+android.intent.category.HOME+android.intent.category.LAUNCHER
ADDED from src\main\AndroidManifest.xml:67:13-73:29
action#android.intent.action.MAIN
ADDED from src\main\AndroidManifest.xml:68:17-69
	android:name
		ADDED from src\main\AndroidManifest.xml:68:25-66
category#android.intent.category.LAUNCHER
ADDED from src\main\AndroidManifest.xml:70:17-77
	android:name
		ADDED from src\main\AndroidManifest.xml:70:27-74
category#android.intent.category.HOME
ADDED from src\main\AndroidManifest.xml:71:17-73
	android:name
		ADDED from src\main\AndroidManifest.xml:71:27-70
category#android.intent.category.DEFAULT
ADDED from src\main\AndroidManifest.xml:72:17-76
	android:name
		ADDED from src\main\AndroidManifest.xml:72:27-73
activity#com.tchip.carlauncher.ui.activity.MultimediaActivity
ADDED from src\main\AndroidManifest.xml:75:9-78:53
	android:screenOrientation
		ADDED from src\main\AndroidManifest.xml:78:13-50
	android:exported
		ADDED from src\main\AndroidManifest.xml:77:13-36
	android:name
		ADDED from src\main\AndroidManifest.xml:76:13-80
provider#com.tchip.carlauncher.model.DriveVideoProvider
ADDED from src\main\AndroidManifest.xml:80:9-83:39
	android:authorities
		ADDED from src\main\AndroidManifest.xml:82:13-81
	android:exported
		ADDED from src\main\AndroidManifest.xml:83:13-36
	android:name
		ADDED from src\main\AndroidManifest.xml:81:13-74
receiver#com.tchip.carlauncher.model.CardEjectReceiver
ADDED from src\main\AndroidManifest.xml:85:9-96:20
	android:name
		ADDED from src\main\AndroidManifest.xml:85:19-79
intent-filter#android.intent.action.MEDIA_BAD_REMOVAL+android.intent.action.MEDIA_EJECT+android.intent.action.MEDIA_MOUNTED+android.intent.action.MEDIA_NOFS+android.intent.action.MEDIA_REMOVED+android.intent.action.MEDIA_UNMOUNTED
ADDED from src\main\AndroidManifest.xml:86:13-95:29
	android:priority
		ADDED from src\main\AndroidManifest.xml:86:28-57
action#android.intent.action.MEDIA_MOUNTED
ADDED from src\main\AndroidManifest.xml:87:17-78
	android:name
		ADDED from src\main\AndroidManifest.xml:87:25-75
action#android.intent.action.MEDIA_EJECT
ADDED from src\main\AndroidManifest.xml:88:17-76
	android:name
		ADDED from src\main\AndroidManifest.xml:88:25-73
action#android.intent.action.MEDIA_BAD_REMOVAL
ADDED from src\main\AndroidManifest.xml:89:17-82
	android:name
		ADDED from src\main\AndroidManifest.xml:89:25-79
action#android.intent.action.MEDIA_REMOVED
ADDED from src\main\AndroidManifest.xml:90:17-78
	android:name
		ADDED from src\main\AndroidManifest.xml:90:25-75
action#android.intent.action.MEDIA_UNMOUNTED
ADDED from src\main\AndroidManifest.xml:91:17-80
	android:name
		ADDED from src\main\AndroidManifest.xml:91:25-77
action#android.intent.action.MEDIA_NOFS
ADDED from src\main\AndroidManifest.xml:92:17-75
	android:name
		ADDED from src\main\AndroidManifest.xml:92:25-72
data
ADDED from src\main\AndroidManifest.xml:94:17-47
	android:scheme
		ADDED from src\main\AndroidManifest.xml:94:23-44
service#com.tchip.carlauncher.service.SensorWatchService
ADDED from src\main\AndroidManifest.xml:98:9-84
	android:name
		ADDED from src\main\AndroidManifest.xml:98:18-81
service#com.tchip.carlauncher.service.FloatWindowService
ADDED from src\main\AndroidManifest.xml:99:9-84
	android:name
		ADDED from src\main\AndroidManifest.xml:99:18-81